Nov 21, 2016 11:51:28 AM com.myvidessa.tst.MyvidessaLoginTest setup
INFO: Launching Browser
Nov 21, 2016 11:51:36 AM com.myvidessa.tst.MyvidessaLoginTest setup
INFO: Opening Application now
Nov 21, 2016 11:51:45 AM com.myvidessa.tst.MyvidessaLoginTest loginWithValidCredentials
INFO: Login with valid credentials
Nov 21, 2016 11:51:53 AM com.myvidessa.tst.MyvidessaLoginTest loginWithValidCredentials
INFO: Login Successfully into system|| Test Case Passed
Nov 21, 2016 11:52:06 AM com.myvidessa.tst.MyvidessaLoginTest loginWithValidCredentials
INFO: Logout Successfully from system|| Test Case Passed
Nov 21, 2016 11:52:09 AM com.myvidessa.tst.MyvidessaLoginTest setup
INFO: Launching Browser
Nov 21, 2016 11:52:13 AM com.myvidessa.tst.MyvidessaLoginTest setup
INFO: Opening Application now
Nov 21, 2016 11:52:22 AM com.myvidessa.tst.MyvidessaLoginTest loginWithValidCredentials
INFO: Login with valid credentials
Nov 21, 2016 11:52:31 AM com.myvidessa.tst.MyvidessaLoginTest loginWithValidCredentials
INFO: Login Successfully into system|| Test Case Passed
Nov 21, 2016 11:52:36 AM com.myvidessa.tst.MyvidessaLoginTest loginWithValidCredentials
INFO: Login Failed with valid credentials|| Test Case Failed
Nov 21, 2016 11:52:36 AM com.myvidessa.tst.MyvidessaLoginTest loginWithValidCredentials
INFO: unknown error: Element is not clickable at point (1297, 27). Other element would receive the click: <div class="toast-message">...</div>
  (Session info: chrome=54.0.2840.99)
  (Driver info: chromedriver=2.25.426923 (0390b88869384d6eb0d5d09729679f934aab9eed),platform=Windows NT 10.0.14393 x86_64) (WARNING: The server did not provide any stacktrace information)
Command duration or timeout: 415 milliseconds
Build info: version: 'unknown', revision: '1969d75', time: '2016-10-18 09:43:45 -0700'
System info: host: 'Lenovo-PC', ip: '192.168.101.139', os.name: 'Windows 10', os.arch: 'amd64', os.version: '10.0', java.version: '1.8.0_66'
Driver info: org.openqa.selenium.chrome.ChromeDriver
Capabilities [{applicationCacheEnabled=false, rotatable=false, mobileEmulationEnabled=false, networkConnectionEnabled=false, chrome={chromedriverVersion=2.25.426923 (0390b88869384d6eb0d5d09729679f934aab9eed), userDataDir=C:\Users\Birjesh\AppData\Local\Temp\scoped_dir6736_9427}, takesHeapSnapshot=true, pageLoadStrategy=normal, databaseEnabled=false, handlesAlerts=true, hasTouchScreen=false, version=54.0.2840.99, platform=XP, browserConnectionEnabled=false, nativeEvents=true, acceptSslCerts=true, locationContextEnabled=true, webStorageEnabled=true, browserName=chrome, takesScreenshot=true, javascriptEnabled=true, cssSelectorsEnabled=true}]
Session ID: 428f06511421598f12a9d464c8bbe577
Nov 21, 2016 11:52:38 AM com.myvidessa.tst.MyvidessaLoginTest setup
INFO: Launching Browser
Nov 21, 2016 11:52:41 AM com.myvidessa.tst.MyvidessaLoginTest setup
INFO: Opening Application now
Nov 21, 2016 11:52:50 AM com.myvidessa.tst.MyvidessaLoginTest loginWithInvalidCredentials
INFO: Login with invalid credentials
Nov 21, 2016 11:52:55 AM com.myvidessa.tst.MyvidessaLoginTest loginWithInvalidCredentials
INFO: Error message is same as expected|| Test Case Passed
Nov 21, 2016 11:52:56 AM com.myvidessa.tst.MyvidessaLoginTest setup
INFO: Launching Browser
Nov 21, 2016 11:53:00 AM com.myvidessa.tst.MyvidessaLoginTest setup
INFO: Opening Application now
Nov 21, 2016 11:53:08 AM com.myvidessa.tst.MyvidessaLoginTest loginWithInvalidCredentials
INFO: Login with invalid credentials
Nov 21, 2016 11:53:13 AM com.myvidessa.tst.MyvidessaLoginTest loginWithInvalidCredentials
INFO: Error message is same as expected|| Test Case Passed
